6 2.419824 0.111595 1.311136 47.699349 1.170065 1.000000 1.506947 
14 2.511152 1.780314 3.432241 48.229521 0.011686 0.347281 2.648503 
17 2.492556 1.326107 -1.312386 47.967051 0.005077 1.006692 2.988415 
14 2.241365 1.711078 0.702921 55.298181 0.006151 0.714373 2.989700 
13 2.124107 1.771702 0.306131 53.324878 0.005745 0.903692 2.403530 
14 2.048341 1.332820 1.433632 55.199656 0.005034 0.672418 1.663452 
15 2.095129 1.415738 1.540748 55.338231 0.005216 0.866607 1.816144 
13 2.285927 1.850928 -0.372819 56.567638 0.005410 0.868516 2.598107 
13 2.662036 1.695662 0.011315 51.181303 0.006012 0.435834 2.282001 
14 2.688424 1.354501 0.333500 48.336170 0.004737 0.767748 0.789513 
13 2.840730 1.915835 2.342826 46.128468 0.005876 0.316354 1.427659 
13 2.720698 2.031158 2.170702 47.503339 0.005812 0.525914 1.132642 
13 2.543203 1.713669 1.565197 49.632848 0.006404 0.766246 0.977281 
12 2.782151 1.685951 -0.027608 53.285710 0.006701 0.681684 2.272558 
15 2.576985 1.654237 -1.035428 55.469981 0.005010 0.461217 2.345177 
15 2.772589 1.463273 -0.980562 53.899682 0.004737 0.568788 2.505511 
13 2.855874 1.286941 -0.601206 53.850399 0.006428 0.559759 1.491126 
14 3.071819 1.651615 0.016817 50.024083 0.005748 0.434223 0.720600 
17 2.946102 1.063574 -0.435780 49.017867 0.006679 0.788094 2.045867 
16 2.793897 1.725872 1.336706 45.353336 0.007879 0.451802 1.079519 
15 2.831208 1.580961 -1.100943 51.977427 0.005201 0.571986 1.603771 
19 2.905720 1.159346 -1.158325 47.439050 0.006727 0.559835 0.867356 
20 2.777285 1.265238 -0.966386 51.251950 0.005661 0.784012 1.417344 
16 2.545645 1.504091 -0.174132 55.912824 0.009047 0.367237 1.099571 
15 2.583080 1.581826 -3.134081 55.919246 0.005087 0.382975 2.956428 
16 2.422984 1.435152 1.017435 55.935255 0.008852 0.362412 2.871903 
17 2.249697 1.566835 -0.490200 55.167717 0.004172 0.419576 0.693411 
16 2.366426 1.553953 -2.852276 56.610189 0.006087 0.478471 2.247662 
14 2.447730 1.447269 -2.098784 55.617033 0.005481 0.442136 2.395423 
18 2.512907 1.270570 0.180908 54.847923 0.005029 0.698282 0.920770 
15 2.581632 1.586887 -1.851728 57.752643 0.005157 0.473164 1.820460 
17 2.687176 1.397436 -2.372758 48.946833 0.007028 0.771560 1.804520 
14 2.452344 1.556172 -2.922601 56.082274 0.007702 0.411021 1.936798 
14 2.379230 1.464341 -4.073224 58.275406 0.006386 0.581788 2.655204 
16 2.460919 1.663001 -6.401317 52.508471 0.007177 0.493578 2.347638 
15 2.725959 1.172778 0.195348 55.633734 0.007272 0.444178 2.079058 
18 3.083665 1.571990 -0.205746 48.327988 0.006263 0.361424 0.973420 
16 3.268407 1.423384 0.386722 45.444068 0.007794 0.453927 0.511825 
16 3.263705 1.461366 0.042536 49.582431 0.006124 0.298701 2.303525 
14 3.343841 1.510163 -1.151984 53.312102 0.007872 0.344530 1.895629 
17 3.214225 1.210253 -0.192651 49.393975 0.005609 0.749073 0.677018 
17 2.996355 1.106721 -0.041364 52.849722 0.007769 0.649382 0.410670 
15 2.833680 1.457650 -0.358977 54.261816 0.008680 0.372612 0.560625 
14 2.911385 1.636014 0.247078 49.286984 0.006927 0.305077 1.334885 
15 2.950131 1.551051 -1.585040 55.844533 0.008497 0.565289 2.005986 
14 2.883036 1.551119 -6.897796 56.703504 0.007534 0.510264 0.886853 
13 2.872228 1.625858 -4.704808 59.055015 0.007275 0.416647 0.493157 
17 3.199637 1.257092 -2.334016 53.199463 0.007501 0.785605 2.756173 
14 3.134490 1.609680 -2.954342 63.023129 0.008024 0.740303 1.621517 
11 3.232308 1.688506 -3.907826 63.870270 0.009766 0.535003 0.464102 
17 3.397501 0.912504 -4.654726 52.493699 0.009569 1.142540 0.391126 
13 3.589683 1.541137 -1.854518 54.346487 0.009290 0.298228 2.826114 
13 3.825123 1.566504 -4.281457 53.903952 0.007227 0.187849 0.949264 
13 3.494531 1.594621 -1.281317 55.289258 0.005679 0.153455 2.011165 
13 3.644483 1.568134 -3.909995 53.285631 0.008375 0.115741 0.987965 
14 3.545591 1.484490 -4.223821 56.322132 0.008611 0.134952 2.180134 
13 3.460112 1.598627 -2.651608 53.327689 0.008516 0.243465 1.759358 
14 3.493928 1.478414 -2.595095 52.119896 0.006238 0.413406 0.129995 
13 3.725554 1.752766 -2.843927 48.847456 0.007656 0.225827 0.172053 
12 3.410406 1.693774 -2.702100 53.035313 0.007439 0.339440 0.289006 
16 3.338544 1.275326 -2.834523 53.531802 0.005962 0.686950 0.246847 
16 3.297702 1.384643 -2.862115 47.317965 0.005892 0.555750 0.296163 
14 3.222466 1.471605 -2.024094 50.787824 0.005913 0.433914 1.493243 
15 3.066002 2.061005 -0.961842 48.869979 0.003832 0.491695 1.972968 
17 3.104009 1.385497 -0.143505 51.006716 0.006323 0.833733 2.092185 
16 3.211814 1.529797 -0.891445 47.220616 0.005171 0.332330 0.299604 
18 3.534669 1.328693 -0.244882 43.236276 0.006707 0.579115 0.636969 
17 3.605461 1.425892 -0.673773 40.322932 0.006042 0.877541 2.118937 
15 3.360593 1.465485 0.487008 47.857513 0.006411 0.617674 0.605863 
14 3.002800 1.606680 -0.552049 56.797684 0.009423 0.328844 2.170520 
14 3.314940 1.599386 -2.859656 53.672245 0.010461 0.312131 2.062485 
14 3.511092 1.750766 -3.993177 51.500686 0.007442 0.244908 1.507590 
13 3.599284 1.568379 -2.484118 53.094276 0.005577 0.281389 0.557044 
13 3.628020 1.702592 -1.565700 52.882841 0.006404 0.310313 0.892254 
14 3.586960 1.496770 -5.739227 46.503718 0.006134 0.421112 1.932930 
16 3.857394 1.594200 -2.046950 40.217601 0.008687 0.464554 2.227315 
15 3.787117 1.554011 1.067914 44.284030 0.005320 0.553768 0.827296 
15 3.803583 1.482670 -1.820643 41.528635 0.004827 0.351149 0.513357 
17 3.801387 1.449576 -1.837554 44.491743 0.006912 0.442519 2.920546 
15 3.729278 1.661462 -0.202649 46.390553 0.006150 0.564207 0.814273 
17 3.715196 1.445455 -0.427318 46.795103 0.006691 0.792313 0.988793 
16 3.874296 1.515004 -0.943683 46.348519 0.008084 0.535277 0.698944 
18 4.040883 1.396027 -0.526651 44.843237 0.006492 1.188508 0.455294 
15 3.901696 1.829894 -1.614460 40.897702 0.006359 0.319632 1.230663 
15 3.939372 1.669422 -0.021185 43.456722 0.007164 0.345849 2.628204 
13 4.257570 1.546868 -6.048864 47.287565 0.007221 0.208614 1.677427 
13 4.434743 1.686537 -2.923972 44.853901 0.015868 0.134169 2.246160 
14 4.202457 1.564403 -6.177569 47.752608 0.008075 0.132250 2.460414 
14 4.375639 1.634197 -0.047187 43.919959 0.006496 0.238512 2.583353 
14 4.665389 1.696814 -2.746064 34.380029 0.007411 0.577832 0.414189 
15 4.724249 1.449898 -3.239124 34.206313 0.006441 0.458858 0.316803 
14 4.938893 1.620518 -2.376349 36.120577 0.006538 0.397258 0.758714 
14 4.647806 1.482083 -2.207340 46.705016 0.006663 0.160346 0.359461 
12 4.844135 1.488671 -4.492607 43.069028 0.008078 0.204687 2.239416 
12 4.970116 1.809581 -1.582645 34.913009 0.008070 0.152677 0.192976 
13 5.091394 1.751377 -1.448948 36.610623 0.008019 0.177136 0.203915 
13 4.819505 1.419100 -4.353973 41.659962 0.007483 0.355288 2.097502 
15 4.724266 1.491573 0.214300 40.998727 0.010825 0.386190 1.737068 
13 4.595567 1.576977 0.043047 45.435984 0.007405 0.205308 1.612540 
13 4.691701 1.625873 -1.093206 41.339192 0.007762 0.255295 1.454740 
