0 6 0 -20.666057 0.566603 0.684750
0 6 1 46.989047 7.128363 6.293560
0 6 2 55.233698 3.506315 2.284177
0 6 3 218.345146 2.445129 170.347627
0 6 4 316.835437 1.728547 5.401382
0 6 5 330.263833 8.415233 7.857699
1 14 0 -10.909196 4.759054 6.185967
1 14 1 13.551883 9.536269 271.762396
1 14 2 39.781147 4.052986 60.830981
1 14 3 95.191311 3.884660 116.958272
1 14 4 140.716215 11.293614 1.049410
1 14 5 203.698998 6.135510 3.400127
1 14 6 250.870757 7.801322 7.693599
1 14 7 364.195209 4.637230 2.943985
1 14 8 377.941469 5.264427 1399.327911
1 14 9 416.710703 3.061151 712.001420
1 14 10 483.131451 7.439300 1.169636
1 14 11 526.102225 4.695259 0.475196
1 14 12 588.640911 8.794546 419.549857
1 14 13 718.911944 3.537112 27.218721
2 17 0 -3.022880 5.713905 1.061807
2 17 1 13.334115 12.023679 374.289885
2 17 2 81.389911 4.945039 14.362787
2 17 3 139.171660 10.273192 19.656519
2 17 4 171.438806 3.273444 0.197953
2 17 5 207.544618 4.569427 0.538961
2 17 6 250.146704 6.357744 0.073013
2 17 7 292.317894 1.685779 0.013503
2 17 8 362.715586 7.134245 0.101888
2 17 9 407.558562 3.657947 0.128151
2 17 10 435.051180 1.087431 0.141494
2 17 11 488.419837 6.701959 0.051715
2 17 12 524.842858 6.550339 0.021574
2 17 13 573.977203 1.696735 0.001352
2 17 14 588.978200 3.654447 0.192724
2 17 15 636.572115 2.180046 0.000644
2 17 16 707.023970 1.572263 0.022366
3 14 0 -25.991259 3.555139 0.846692
3 14 1 7.188127 3.909386 0.237793
3 14 2 13.878829 11.268133 120.567544
3 14 3 81.902522 3.511504 2.578448
3 14 4 140.475871 10.963706 1.569584
3 14 5 200.148650 5.281232 0.080543
3 14 6 252.353882 7.153780 3.504849
3 14 7 367.700432 7.791346 1.206910
3 14 8 407.511243 3.287420 0.184226
3 14 9 487.168809 5.624583 0.003606
3 14 10 526.624937 6.480326 0.104685
3 14 11 581.500430 4.793039 8.209225
3 14 12 648.948160 2.075135 80.927890
3 14 13 712.491754 1.597977 20.125886
4 13 0 -14.673205 6.247497 0.319783
4 13 1 16.093934 11.868440 240.012707
4 13 2 86.818844 3.573913 2.798037
4 13 3 141.737719 11.821612 42.653927
4 13 4 202.677425 7.972686 0.030954
4 13 5 251.629021 4.795616 25.252617
4 13 6 364.855069 8.106706 7.381874
4 13 7 409.817958 4.258345 7.150766
4 13 8 485.976245 6.860651 1.940226
4 13 9 523.414142 8.241704 1.173848
4 13 10 581.684345 5.329188 0.132614
4 13 11 630.493887 1.331370 0.039648
4 13 12 703.607736 0.739058 0.015766
5 14 0 -28.367826 6.684486 1.535563
5 14 1 16.961716 13.011583 430.326673
5 14 2 78.178940 2.553552 8.149683
5 14 3 139.984156 12.796216 38.620499
5 14 4 201.570575 6.474487 0.591777
5 14 5 251.650230 6.672457 5.195570
5 14 6 367.658130 7.354956 1.818045
5 14 7 407.925608 2.082106 0.272180
5 14 8 428.660229 1.961835 10.961711
5 14 9 485.548181 6.656627 0.918790
5 14 10 527.965897 5.880927 0.128834
5 14 11 586.548951 4.778583 7.201327
5 14 12 636.335553 2.091502 1.121185
5 14 13 713.525946 3.082304 29.260136
6 15 0 -13.411378 4.812218 134.727761
6 15 1 11.648185 12.882662 366.074144
6 15 2 81.205885 3.964923 8.359334
6 15 3 142.725423 13.513445 49.583470
6 15 4 204.677963 4.291058 0.257409
6 15 5 251.008269 6.293820 2.313346
6 15 6 327.781638 0.497572 0.279939
6 15 7 365.708951 6.403532 6.940326
6 15 8 408.417383 4.129019 0.325717
6 15 9 485.460071 6.946515 0.405724
6 15 10 525.841811 4.470172 2.184587
6 15 11 528.123451 1.810305 0.130740
6 15 12 586.351868 5.060242 0.711862
6 15 13 636.245079 1.053788 7.445216
6 15 14 713.239971 2.297010 136.029334
7 13 0 -14.713559 10.967006 2.315086
7 13 1 30.277315 8.322126 6.468493
7 13 2 82.724406 2.785607 2.304985
7 13 3 141.768381 11.696231 47.227372
7 13 4 201.590893 5.220984 0.748508
7 13 5 252.035108 5.826221 17.538624
7 13 6 367.396333 6.099044 1.561055
7 13 7 409.067673 4.128844 0.004828
7 13 8 488.426281 6.341961 0.029794
7 13 9 522.108148 6.577287 0.153679
7 13 10 583.645956 3.805841 1.207178
7 13 11 633.019313 1.847585 3.561833
7 13 12 711.695237 2.192893 1.146211
8 13 0 -3.839842 11.657493 0.461110
8 13 1 29.771035 5.262391 16.244017
8 13 2 89.205587 4.045572 1.137617
8 13 3 140.851104 13.322976 10.016143
8 13 4 203.344453 4.902696 0.946175
8 13 5 250.955215 6.243857 20.551177
8 13 6 367.404650 6.739607 5.136254
8 13 7 407.731382 4.417368 0.140026
8 13 8 482.090502 6.964373 0.658640
8 13 9 528.556009 6.112001 0.059332
8 13 10 587.832126 4.293506 0.002394
8 13 11 633.403380 2.314931 0.021547
8 13 12 710.070523 1.423367 3.525127
9 14 0 6.443332 11.046650 0.151943
9 14 1 29.708185 5.442778 6.390712
9 14 2 79.352643 3.542924 2.086475
9 14 3 140.105582 10.279014 3.114452
9 14 4 161.808297 2.669812 3.783151
9 14 5 203.707164 6.010401 0.202405
9 14 6 250.799138 7.061093 0.419974
9 14 7 364.945145 7.414563 1.700401
9 14 8 404.220002 4.471865 1.969122
9 14 9 486.338248 7.177348 3.347149
9 14 10 529.016815 5.814235 1.546947
9 14 11 580.981562 5.262326 0.994564
9 14 12 635.476948 2.073069 1.229342
9 14 13 709.805998 1.530963 1.044138
10 13 0 6.140041 10.679193 0.701108
10 13 1 33.038417 5.665403 39.686166
10 13 2 86.370836 5.016435 59.822762
10 13 3 141.167537 11.375752 20.752335
10 13 4 204.013221 7.425055 26.465145
10 13 5 255.015287 7.608403 35.571637
10 13 6 364.490812 7.280990 26.665999
10 13 7 409.650073 4.761196 11.445420
10 13 8 483.401779 7.304111 1.440332
10 13 9 526.389742 7.082515 8.213391
10 13 10 586.625805 4.436733 1.844862
10 13 11 633.511275 3.887657 10.198082
10 13 12 716.485257 2.387290 1.256983
11 13 0 6.606579 9.667008 1.552010
11 13 1 28.288538 6.869979 39.133170
11 13 2 82.992410 3.657433 8.720452
11 13 3 144.413716 14.549444 62.009878
11 13 4 206.600593 6.156783 5.808776
11 13 5 254.030626 6.240105 2.390031
11 13 6 364.679022 7.267824 10.207028
11 13 7 405.406608 4.529550 1.857417
11 13 8 485.510058 7.865958 10.762215
11 13 9 527.583441 5.925652 10.834377
11 13 10 582.762824 4.833024 20.517551
11 13 11 633.218998 2.407963 1.374611
11 13 12 710.461968 2.216626 7.175395
12 13 0 -7.205191 13.762455 5.088160
12 13 1 30.469773 4.444635 14.434579
12 13 2 78.702356 4.690297 7.482954
12 13 3 140.713512 13.321233 3.916526
12 13 4 203.530516 5.506564 6.085306
12 13 5 252.161700 7.554469 14.041700
12 13 6 362.292579 7.317602 2.438886
12 13 7 407.310383 4.263597 2.254070
12 13 8 483.177836 6.050057 1.623788
12 13 9 527.869247 6.841405 1.227109
12 13 10 583.535978 5.049945 10.464656
12 13 11 634.103124 2.395172 3.608583
12 13 12 720.728167 3.596889 5.400478
13 12 0 9.454706 13.225641 0.586388
13 12 1 53.150626 3.180529 0.033422
13 12 2 86.568044 2.826403 4.431689
13 12 3 143.994419 10.698652 20.954411
13 12 4 206.595488 5.437660 0.023133
13 12 5 258.676449 4.943364 0.101549
13 12 6 365.210122 7.190399 0.257114
13 12 7 411.387462 3.420893 40.266821
13 12 8 483.242684 5.798406 4.088052
13 12 9 526.435153 7.162326 11.649738
13 12 10 584.087838 3.493202 0.709849
13 12 11 633.298247 2.540740 0.461756
14 15 0 -2.835640 12.024481 29.927788
14 15 1 27.896655 1.367578 1.010308
14 15 2 36.454405 4.291480 0.013497
14 15 3 85.991284 3.192489 0.208655
14 15 4 140.193223 11.451855 0.685429
14 15 5 204.172753 5.878426 0.106508
14 15 6 254.640700 5.401665 0.260033
14 15 7 361.321621 7.889568 0.252845
14 15 8 409.007975 3.283851 14.277614
14 15 9 482.181942 7.072355 0.352030
14 15 10 529.682016 4.960672 0.320493
14 15 11 581.974503 3.848197 0.008579
14 15 12 639.773089 1.959712 1.772408
14 15 13 711.868718 1.478675 43.131258
14 15 14 733.294818 4.530365 2.531811
15 15 0 -6.005029 10.886481 0.063383
15 15 1 21.168457 3.076530 68.537859
15 15 2 36.465474 2.942363 0.033136
15 15 3 83.232695 3.305080 0.003287
15 15 4 140.217078 9.615957 5.588418
15 15 5 172.762450 3.004726 0.183461
15 15 6 205.211345 3.441387 0.027369
15 15 7 252.736260 6.963590 19.647719
15 15 8 366.334055 6.635480 0.000968
15 15 9 408.682696 3.269675 0.468126
15 15 10 482.956440 6.791990 0.030872
15 15 11 526.326595 5.486345 1.939301
15 15 12 582.757387 4.672536 9.054222
15 15 13 630.912427 2.146494 1.376624
15 15 14 720.871355 3.499676 65.166908
16 13 0 -18.732039 13.666795 0.728293
16 13 1 29.547046 5.397830 3.465389
16 13 2 80.079821 3.753547 0.353123
16 13 3 141.349912 11.422462 8.883318
16 13 4 208.955329 5.048857 0.156776
16 13 5 250.221946 5.102571 4.325268
16 13 6 364.514600 7.198934 0.272088
16 13 7 406.196908 3.109063 0.106356
16 13 8 487.701428 6.259396 0.778046
16 13 9 529.358214 5.688223 16.803199
16 13 10 583.430579 4.002626 2.053759
16 13 11 635.369396 1.545384 1.352527
16 13 12 719.168194 2.273818 0.471760
17 14 0 -16.741459 12.889755 0.666624
17 14 1 30.268816 6.056750 1.488495
17 14 2 86.945517 2.990400 5.819233
17 14 3 139.980309 9.637661 0.436623
17 14 4 179.284565 2.765342 2.093211
17 14 5 202.519920 6.269014 1.168901
17 14 6 250.443912 5.225511 0.242390
17 14 7 361.166132 7.963446 0.856709
17 14 8 407.618884 3.860052 0.653050
17 14 9 486.080054 7.341985 0.360836
17 14 10 524.207124 5.264209 0.318502
17 14 11 584.488474 4.537781 0.999443
17 14 12 632.240405 1.729935 0.875298
17 14 13 720.046998 2.971439 0.523364
18 17 0 -29.249080 11.093346 0.830078
18 17 1 -1.392109 3.015765 1.199501
18 17 2 31.281432 6.433241 11.598411
18 17 3 80.978949 3.692656 0.162128
18 17 4 107.104765 0.494056 0.183505
18 17 5 140.690511 9.313611 5.979555
18 17 6 176.351273 2.990763 2.717345
18 17 7 204.665828 5.437652 4.636687
18 17 8 252.060421 5.764226 3.695446
18 17 9 366.559935 6.972477 1.314956
18 17 10 408.540678 3.546221 0.079020
18 17 11 445.821560 0.853461 1.185525
18 17 12 483.607752 6.784484 0.657916
18 17 13 528.098772 6.104380 0.133336
18 17 14 584.945318 4.802443 0.408532
18 17 15 648.198322 1.253724 0.297119
18 17 16 717.611528 1.897101 42.096687
19 16 0 -17.655052 5.025733 3.455464
19 16 1 2.505123 8.098329 24.138599
19 16 2 30.949673 5.705193 10.607355
19 16 3 82.172008 4.448623 9.611590
19 16 4 138.967313 9.615208 9.550428
19 16 5 146.855495 3.742776 1.506918
19 16 6 202.623951 7.393926 10.404351
19 16 7 255.310151 7.314815 1.837530
19 16 8 366.616770 7.211518 2.012552
19 16 9 406.758293 3.756729 3.119778
19 16 10 481.346411 6.399484 1.289043
19 16 11 486.018660 2.983457 0.833733
19 16 12 523.605268 6.113865 2.098866
19 16 13 586.031909 5.163738 14.311993
19 16 14 639.414787 2.159497 8.700135
19 16 15 719.962471 5.078419 2.007242
20 15 0 -17.323109 11.195737 0.070490
20 15 1 8.304086 1.990520 0.177078
20 15 2 32.488586 5.426583 0.262081
20 15 3 81.361901 3.995086 0.552302
20 15 4 139.794502 8.520707 0.221449
20 15 5 178.514264 2.316865 0.225408
20 15 6 206.197315 4.668768 1.952319
20 15 7 255.481007 5.829352 0.079801
20 15 8 361.235139 6.636878 1.090748
20 15 9 408.238947 4.037315 0.183776
20 15 10 485.296338 6.028183 4.455927
20 15 11 528.121292 5.005711 0.497451
20 15 12 582.395989 5.351107 0.043220
20 15 13 633.235412 2.006857 1.976133
20 15 14 722.692198 7.594751 9.337731
21 19 0 -18.207450 5.744696 0.517595
21 19 1 -2.900583 4.085483 0.170882
21 19 2 8.835295 3.556828 0.363093
21 19 3 34.615454 5.640195 0.122640
21 19 4 84.109223 3.574901 0.097129
21 19 5 134.471800 3.666721 0.328081
21 19 6 142.776041 8.500904 0.525352
21 19 7 179.702494 2.092822 0.736458
21 19 8 201.729413 4.851228 0.832769
21 19 9 255.311980 5.443365 0.185107
21 19 10 300.654293 1.330777 0.290983
21 19 11 363.953865 5.890539 0.369173
21 19 12 405.389390 5.238137 0.302273
21 19 13 480.625360 6.529649 0.219825
21 19 14 529.150997 5.992127 0.102283
21 19 15 572.771637 2.249760 0.300084
21 19 16 583.440639 2.944384 0.388926
21 19 17 631.216948 2.090877 0.193274
21 19 18 715.754773 1.120272 0.149665
22 20 0 -13.344816 6.223086 0.076727
22 20 1 0.471968 6.474025 12.899182
22 20 2 10.446634 0.771992 0.781110
22 20 3 30.438433 4.752155 0.602214
22 20 4 86.767061 3.231974 2.418451
22 20 5 132.395800 4.680448 0.295349
22 20 6 141.223904 6.698613 0.404508
22 20 7 173.843111 1.837140 0.096011
22 20 8 202.673842 5.976086 0.255597
22 20 9 229.549338 0.488762 2.443952
22 20 10 257.091028 5.956740 0.046938
22 20 11 367.798262 6.300687 0.413664
22 20 12 406.671631 3.652996 1.308815
22 20 13 430.124489 0.786422 0.723547
22 20 14 482.782952 5.648210 0.028513
22 20 15 527.698514 5.894621 0.430702
22 20 16 569.311860 1.420483 0.939346
22 20 17 581.610497 3.712199 0.106313
22 20 18 634.692279 1.852221 5.471135
22 20 19 700.969027 1.212549 0.126717
23 16 0 -19.712350 8.408436 0.749227
23 16 1 8.741738 5.371855 1.889269
23 16 2 33.628385 3.945812 0.297473
23 16 3 85.892576 3.043823 0.629400
23 16 4 136.309348 2.615911 2.321962
23 16 5 144.507623 5.911026 2.506764
23 16 6 177.778833 2.731150 0.761209
23 16 7 201.302110 5.349014 0.450995
23 16 8 252.969115 5.646379 4.910397
23 16 9 366.842792 7.089796 9.351553
23 16 10 401.013540 3.810399 0.152121
23 16 11 484.628534 5.228299 0.322607
23 16 12 529.803259 5.296423 0.373949
23 16 13 587.937124 4.174130 0.155632
23 16 14 635.758398 1.715323 1.062754
23 16 15 721.231181 6.332199 1.423892
24 15 0 -13.015002 8.566219 0.115825
24 15 1 11.538236 6.661065 123.476423
24 15 2 39.508569 2.781036 1.148633
24 15 3 87.725667 3.123176 0.000665
24 15 4 134.492323 5.258433 0.003324
24 15 5 148.997518 6.115194 0.768994
24 15 6 200.289564 5.346368 0.009772
24 15 7 251.349640 5.291588 0.011926
24 15 8 360.398530 7.404904 0.016335
24 15 9 405.251641 3.167651 0.273669
24 15 10 484.719236 6.998287 0.002747
24 15 11 529.376270 5.362723 0.020154
24 15 12 585.139617 4.164688 1.274240
24 15 13 632.309560 2.127059 0.025532
24 15 14 723.843370 6.641547 16.827160
25 16 0 -32.782609 5.985001 1103.485422
25 16 1 -14.500798 7.841761 0.454571
25 16 2 20.087059 4.932771 0.920161
25 16 3 72.612748 3.859623 339.343782
25 16 4 135.435653 4.784727 1.861674
25 16 5 147.524516 2.950938 0.456514
25 16 6 169.758610 3.388457 5.986428
25 16 7 201.302623 4.560566 0.094802
25 16 8 257.018722 5.430064 0.307875
25 16 9 367.553236 7.055618 1.304798
25 16 10 401.509949 3.812839 0.311910
25 16 11 485.000013 8.047382 0.035405
25 16 12 522.993709 4.054952 0.757231
25 16 13 580.693431 5.630708 2.286526
25 16 14 633.381209 1.435892 4.438539
25 16 15 716.218448 3.314865 116.593644
26 17 0 -16.809830 4.006219 3.976239
26 17 1 -9.506861 7.014683 0.291250
26 17 2 15.874463 2.963835 2.847956
26 17 3 37.675154 4.028779 1.650034
26 17 4 88.608023 3.304949 0.291647
26 17 5 131.483769 5.439454 0.697766
26 17 6 146.255073 4.393325 0.792074
26 17 7 172.312217 2.529380 0.695609
26 17 8 203.943904 5.370746 0.182086
26 17 9 251.056052 6.136941 0.936658
26 17 10 368.052592 6.423496 0.560309
26 17 11 403.487379 4.037893 1.074904
26 17 12 488.516998 6.530343 0.225244
26 17 13 527.649940 5.281933 0.385045
26 17 14 582.753628 4.690626 0.606791
26 17 15 636.102451 1.875312 0.470834
26 17 16 718.022830 1.855240 1.062767
27 16 0 8.482343 12.186429 0.059129
27 16 1 37.284140 4.034573 0.004070
27 16 2 85.937566 3.478492 0.003655
27 16 3 132.875641 4.101509 0.798448
27 16 4 148.910091 5.804619 0.089263
27 16 5 176.451764 2.860294 0.141319
27 16 6 207.413848 2.856823 0.021219
27 16 7 252.515299 5.762577 0.539358
27 16 8 320.701898 1.316444 0.002054
27 16 9 365.696979 5.715171 0.010571
27 16 10 407.649446 3.598171 0.207303
27 16 11 480.709529 6.039376 0.002211
27 16 12 528.644448 6.062953 0.582298
27 16 13 586.360203 3.954189 0.275140
27 16 14 635.530011 1.948909 0.073566
27 16 15 720.757178 4.424108 1.770511
28 14 0 4.711735 10.890250 0.032002
28 14 1 39.734841 4.309672 0.010757
28 14 2 80.021231 2.801388 1.034507
28 14 3 133.091963 5.631234 0.066641
28 14 4 149.849638 6.829401 7.738217
28 14 5 207.691529 4.008527 0.317213
28 14 6 255.185368 5.838564 0.598667
28 14 7 366.502693 6.388295 0.060640
28 14 8 401.238408 3.960983 0.256166
28 14 9 486.374500 6.252309 0.005076
28 14 10 525.481322 5.842955 0.086738
28 14 11 582.422191 4.994973 0.402911
28 14 12 634.024219 1.772930 0.439436
28 14 13 720.714208 4.246502 1.148647
29 18 0 -21.220143 13.719796 2.079349
29 18 1 -1.714805 1.087038 0.527806
29 18 2 30.458041 5.594721 1.101684
29 18 3 88.098544 2.934928 0.460553
29 18 4 135.470806 6.117457 1.177195
29 18 5 148.563516 3.783184 1.290349
29 18 6 172.780565 1.833853 0.859557
29 18 7 202.276481 6.103030 1.306284
29 18 8 252.771705 4.387401 9.593074
29 18 9 326.569155 0.662488 0.841021
29 18 10 364.746966 6.093215 1.607120
29 18 11 401.144728 4.096857 0.780184
29 18 12 481.205032 7.053298 0.640765
29 18 13 523.864019 4.251062 5.089652
29 18 14 543.689128 1.025031 0.411519
29 18 15 587.355288 4.545099 0.415509
29 18 16 634.338286 1.751121 2.272891
29 18 17 712.083478 1.458891 5.070969
30 15 0 -6.651641 11.195230 0.857402
30 15 1 21.317619 5.681923 0.027402
30 15 2 86.541491 3.631732 0.241512
30 15 3 134.285000 6.371735 0.742721
30 15 4 144.369310 2.770237 2.385313
30 15 5 175.932200 2.355440 0.171246
30 15 6 204.070695 4.957582 0.074771
30 15 7 258.115816 5.414672 0.126010
30 15 8 364.942322 6.132454 0.002718
30 15 9 401.958072 4.326351 0.170729
30 15 10 482.219832 5.917235 0.045564
30 15 11 529.305019 5.834612 0.158883
30 15 12 582.726616 4.283833 0.592399
30 15 13 639.648640 1.274591 0.300438
30 15 14 720.656817 3.829266 1.546282
31 17 0 2.030543 9.521216 0.053834
31 17 1 21.628528 2.912037 0.090078
31 17 2 34.041924 3.629804 0.769589
31 17 3 87.499776 3.975550 0.025040
31 17 4 135.654007 5.726847 0.080021
31 17 5 146.936062 3.975249 0.031389
31 17 6 173.837708 3.588138 0.039693
31 17 7 206.542805 5.245598 0.068005
31 17 8 252.352910 6.933717 0.280753
31 17 9 366.173018 7.185234 0.104061
31 17 10 409.698446 2.799507 0.022476
31 17 11 452.155277 1.389741 0.045244
31 17 12 487.148190 6.024457 0.040438
31 17 13 523.433448 5.961560 0.173061
31 17 14 582.883216 5.756566 0.027210
31 17 15 638.563574 1.490276 3.153597
31 17 16 716.540730 1.874465 0.062363
32 14 0 -27.697286 3.223654 0.048767
32 14 1 -13.218149 10.785087 0.047254
32 14 2 33.058818 4.846776 0.011245
32 14 3 87.855327 3.419652 0.041858
32 14 4 131.433932 5.174823 0.039070
32 14 5 149.358026 6.387522 0.102324
32 14 6 208.632897 5.577536 0.329032
32 14 7 254.188861 5.449180 0.033948
32 14 8 368.121884 6.930324 0.014395
32 14 9 408.454074 3.724821 0.992552
32 14 10 486.172959 6.109133 0.019541
32 14 11 529.081710 5.522252 0.591535
32 14 12 583.012593 4.830463 0.040544
32 14 13 645.751346 1.990247 0.017161
33 14 0 -19.370898 16.162325 0.089805
33 14 1 30.090069 4.569293 0.003021
33 14 2 83.571611 2.205805 0.193232
33 14 3 131.501294 5.973257 0.001569
33 14 4 147.184664 5.987671 0.054609
33 14 5 176.319577 1.291739 0.001273
33 14 6 203.350873 4.101475 0.004931
33 14 7 257.039954 5.280570 0.000177
33 14 8 365.123370 5.687362 0.005230
33 14 9 404.115429 4.575408 0.312408
33 14 10 481.834085 6.100662 0.036491
33 14 11 520.727159 6.787193 0.105312
33 14 12 589.871147 4.976992 0.000004
33 14 13 702.893868 1.052215 0.057180
34 16 0 -0.812927 12.505619 0.000093
34 16 1 35.049965 4.213051 0.000007
34 16 2 87.799416 3.286699 0.079120
34 16 3 108.839838 1.676274 0.000153
34 16 4 131.047790 3.484639 0.022511
34 16 5 143.379451 7.132616 0.000220
34 16 6 175.043201 2.910372 0.001303
34 16 7 202.423440 4.667030 0.000794
34 16 8 254.264375 7.078487 0.009638
34 16 9 367.350136 6.259902 0.022802
34 16 10 405.157800 3.635160 0.000734
34 16 11 482.849020 7.732874 0.018830
34 16 12 526.769689 6.197132 0.000061
34 16 13 588.564689 4.281041 0.001465
34 16 14 635.720158 2.246018 0.028941
34 16 15 718.127650 2.179858 0.002304
35 15 0 -5.111502 3.750674 10.081321
35 15 1 5.548445 8.146471 0.155505
35 15 2 30.518904 4.868916 0.247657
35 15 3 85.980316 2.893199 0.381758
35 15 4 136.109918 5.896554 0.175088
35 15 5 149.852826 4.075317 2.423737
35 15 6 172.691293 2.659878 0.116964
35 15 7 207.944118 3.419957 0.104203
35 15 8 256.438136 4.567249 1.222099
35 15 9 364.746493 6.652002 0.651255
35 15 10 406.265118 3.983584 20.446409
35 15 11 489.266787 5.386213 0.051338
35 15 12 521.758707 6.668695 0.091165
35 15 13 582.006681 4.421948 4.284858
35 15 14 640.414432 1.458886 1.502386
36 18 0 -15.417532 6.624017 0.665129
36 18 1 -0.668300 5.802936 1.216634
36 18 2 30.266570 5.319445 2.967169
36 18 3 88.649499 3.126664 0.692549
36 18 4 135.584904 5.209984 0.832723
36 18 5 144.764426 7.321469 2.312950
36 18 6 175.212005 2.886682 0.310575
36 18 7 209.200924 3.719591 3.339075
36 18 8 246.182914 2.219644 1.199688
36 18 9 254.928042 4.706657 1.226874
36 18 10 365.049657 5.673533 5.635850
36 18 11 403.871705 4.600714 4.356702
36 18 12 483.524909 6.674317 0.282660
36 18 13 525.818813 4.164819 15.113449
36 18 14 543.949894 2.861726 3.396443
36 18 15 587.624737 3.414780 1.859561
36 18 16 638.787503 2.142377 1.664004
36 18 17 713.351016 2.256984 0.334342
37 16 0 -7.897669 8.280312 3.527437
37 16 1 2.281986 3.319973 1.992933
37 16 2 36.435758 4.987414 0.916446
37 16 3 84.873119 4.080093 1.056468
37 16 4 131.845144 4.865585 1.135005
37 16 5 143.673678 6.812693 1.899868
37 16 6 170.435519 3.158539 1.341568
37 16 7 205.263127 6.453545 2.147593
37 16 8 253.947283 5.871554 1.155365
37 16 9 366.255131 5.935159 0.585636
37 16 10 402.479107 5.142032 0.987725
37 16 11 482.123254 7.313313 1.284746
37 16 12 527.613104 6.397358 1.182143
37 16 13 581.628001 5.054969 1.885533
37 16 14 631.481498 1.988522 2.207927
37 16 15 719.666573 2.884931 1.523373
38 16 0 -18.555469 4.834578 1.929094
38 16 1 5.991663 6.960626 7.075905
38 16 2 30.241507 5.242755 0.182431
38 16 3 83.731123 4.449741 1.065163
38 16 4 131.922071 4.027188 0.222506
38 16 5 145.442559 4.781516 2.236706
38 16 6 171.051289 2.703223 0.138789
38 16 7 204.339524 5.428645 1.191971
38 16 8 250.757785 5.946944 0.508455
38 16 9 369.155608 6.006571 0.020177
38 16 10 400.225283 4.145429 0.012735
38 16 11 483.605618 6.329388 0.214074
38 16 12 526.794505 5.255750 0.027445
38 16 13 582.968578 4.595380 0.181998
38 16 14 632.789909 1.844286 0.021077
38 16 15 720.713241 4.432535 0.895542
39 14 0 -16.948355 6.411674 0.122984
39 14 1 7.762019 4.976969 19.482419
39 14 2 27.119823 4.572526 0.202115
39 14 3 79.374622 2.861967 0.226508
39 14 4 132.995286 4.226714 0.102943
39 14 5 149.118223 6.710064 0.640558
39 14 6 206.229471 6.435679 0.745068
39 14 7 256.043974 4.313558 0.481541
39 14 8 360.608245 6.169553 0.214921
39 14 9 400.928425 3.152389 0.623211
39 14 10 482.945443 6.977300 0.040404
39 14 11 525.162355 5.034546 0.148282
39 14 12 586.003387 3.583131 1.204989
39 14 13 638.224534 2.123723 0.873980
40 17 0 6.317151 10.262699 1.056260
40 17 1 34.793450 5.245703 1.465316
40 17 2 84.614064 3.267636 1.499746
40 17 3 138.917296 6.299397 0.804325
40 17 4 149.889403 4.347800 1.007594
40 17 5 177.609094 1.464329 0.976302
40 17 6 204.482848 3.662979 0.298221
40 17 7 221.440870 3.180131 1.606382
40 17 8 253.716099 4.332520 0.721969
40 17 9 365.698557 7.051068 0.182570
40 17 10 403.471518 3.273743 1.827495
40 17 11 487.930084 6.266006 0.763320
40 17 12 527.528129 5.130190 0.569738
40 17 13 543.800770 1.381545 0.839783
40 17 14 589.103644 3.494239 1.102229
40 17 15 630.819784 1.841820 0.566190
40 17 16 711.201564 1.895113 1.083817
41 17 0 4.363120 10.648509 1.007599
41 17 1 38.850002 4.412696 0.966540
41 17 2 84.280759 2.623751 0.609266
41 17 3 115.272373 1.231480 0.854036
41 17 4 137.776347 3.270327 1.102376
41 17 5 147.053474 6.836504 1.574985
41 17 6 206.538255 5.732913 1.604631
41 17 7 256.655524 5.666284 1.803609
41 17 8 361.467828 7.060571 0.738109
41 17 9 409.206174 3.588033 2.473970
41 17 10 485.490196 7.683088 1.843655
41 17 11 527.706187 3.825488 1.069609
41 17 12 556.779267 0.596934 0.864238
41 17 13 588.783625 3.340563 0.468609
41 17 14 608.318528 0.921200 1.195830
41 17 15 640.490579 0.772602 0.631883
41 17 16 711.207032 2.588897 2.069992
42 15 0 -11.053421 4.424478 0.836447
42 15 1 -0.931393 9.068245 0.718599
42 15 2 30.894310 4.131503 0.821529
42 15 3 81.155213 3.226830 0.552073
42 15 4 132.495014 5.834405 1.955445
42 15 5 147.805156 6.071690 0.860611
42 15 6 201.369549 5.166452 0.564799
42 15 7 250.534830 5.687013 0.465838
42 15 8 363.861066 6.269006 1.758812
42 15 9 408.532500 3.552785 0.305685
42 15 10 483.872986 7.027659 0.471175
42 15 11 528.594135 4.493599 1.191045
42 15 12 580.603663 4.532276 0.654712
42 15 13 632.288702 2.023525 0.765262
42 15 14 720.397100 3.331957 1.155414
43 14 0 -11.907048 4.631161 1.154774
43 14 1 -1.012405 7.088871 0.720588
43 14 2 30.443522 4.432722 1.299294
43 14 3 80.382965 4.685199 10.000995
43 14 4 130.816487 4.316963 0.196317
43 14 5 141.216461 7.876387 2.856459
43 14 6 205.579514 6.318547 2.000333
43 14 7 250.934218 7.452729 1.329621
43 14 8 367.624088 6.613311 0.742284
43 14 9 407.799810 3.266254 0.743934
43 14 10 482.957718 7.087555 10.280112
43 14 11 528.729610 5.723325 3.403995
43 14 12 586.078997 4.020709 0.499341
43 14 13 631.204119 2.457695 1.048863
44 15 0 -19.233432 4.017630 0.003733
44 15 1 -0.114166 7.808053 0.525524
44 15 2 32.842676 4.108728 6.674342
44 15 3 81.628935 4.212792 3.000963
44 15 4 131.242875 4.281928 0.101671
44 15 5 145.565406 6.399952 1.095411
44 15 6 203.131602 5.653405 0.078090
44 15 7 254.237304 4.550174 0.438609
44 15 8 366.020545 7.129956 0.795039
44 15 9 402.378872 2.192510 0.080946
44 15 10 486.033596 5.942819 0.152622
44 15 11 522.939130 5.208004 0.085231
44 15 12 585.625705 4.224460 0.021287
44 15 13 634.746847 1.078666 1.354989
44 15 14 715.568497 2.728640 0.025885
45 14 0 -8.885288 12.939454 0.000741
45 14 1 33.753652 3.622790 0.000167
45 14 2 89.980904 2.831724 0.000093
45 14 3 134.588204 3.190612 0.001625
45 14 4 143.689526 5.945467 0.002227
45 14 5 176.106696 2.036081 0.001441
45 14 6 204.911318 4.848633 0.000725
45 14 7 252.016332 4.985477 0.001137
45 14 8 362.979487 6.023445 0.001111
45 14 9 402.864097 3.178775 0.000372
45 14 10 486.503581 5.980291 0.000111
45 14 11 521.541043 5.390702 0.001436
45 14 12 580.650566 5.238736 0.003464
45 14 13 712.219573 2.490838 0.001249
46 13 0 -14.375033 12.399790 0.016467
46 13 1 29.331114 5.461448 0.008922
46 13 2 85.495164 2.379816 0.012347
46 13 3 133.866941 4.834746 0.007920
46 13 4 143.198044 5.826448 0.008405
46 13 5 204.798571 4.970494 0.004411
46 13 6 259.509672 4.432174 0.012717
46 13 7 366.113507 5.618919 0.004838
46 13 8 402.229430 3.668987 0.008767
46 13 9 487.356508 5.344623 0.007762
46 13 10 520.604672 6.054726 0.010935
46 13 11 580.484398 4.667565 0.004084
46 13 12 713.365494 1.793310 0.038517
47 17 0 -26.884358 13.370660 0.004525
47 17 1 33.457625 6.223354 1.560505
47 17 2 72.238461 2.093840 0.002728
47 17 3 102.076078 1.251036 0.032591
47 17 4 135.163870 4.047451 0.001291
47 17 5 149.431047 6.983376 0.045897
47 17 6 206.148483 4.431203 0.298704
47 17 7 213.919830 1.500279 5.226291
47 17 8 256.395232 3.875279 0.122887
47 17 9 361.800390 6.831445 0.029946
47 17 10 404.528305 1.450427 0.438292
47 17 11 409.032443 1.763694 0.014355
47 17 12 488.757667 5.986585 0.522519
47 17 13 526.601893 4.830476 1.062948
47 17 14 580.710012 4.166059 0.003840
47 17 15 582.845132 2.097396 0.028824
47 17 16 701.281869 1.635408 0.039916
48 14 0 -17.123024 14.284519 0.010637
48 14 1 34.901676 3.205192 0.057366
48 14 2 80.951582 2.199478 0.029395
48 14 3 132.416191 3.903915 0.357311
48 14 4 144.095839 5.447021 0.076032
48 14 5 200.151721 4.579900 0.023047
48 14 6 233.978115 1.019905 0.048971
48 14 7 257.111252 3.609917 0.237951
48 14 8 361.487486 4.978642 0.050147
48 14 9 406.416440 3.734610 0.056234
48 14 10 488.829282 5.779027 0.065459
48 14 11 523.357012 5.263397 0.053350
48 14 12 589.006064 3.184336 0.045693
48 14 13 702.147186 1.464408 0.017502
49 11 0 -26.465787 16.236922 0.020354
49 11 1 30.401751 3.727548 0.017757
49 11 2 101.133018 1.393008 0.018440
49 11 3 134.884863 3.384775 0.016481
49 11 4 143.611037 5.811135 0.051317
49 11 5 201.545698 4.737487 0.011997
49 11 6 248.116126 3.197730 0.016399
49 11 7 367.725515 8.587018 0.016036
49 11 8 489.606494 5.979665 0.042163
49 11 9 526.288162 3.715465 0.012570
49 11 10 570.615377 3.730265 0.043467
50 17 0 -23.844027 14.062485 0.005885
50 17 1 -8.242986 1.110240 0.007632
50 17 2 14.132607 1.337345 0.006802
50 17 3 32.984032 2.505270 0.006140
50 17 4 70.211713 1.258983 0.003373
50 17 5 97.348551 2.176725 0.007056
50 17 6 139.177210 6.838976 0.008313
50 17 7 158.266768 3.194651 0.012400
50 17 8 206.825799 5.590535 0.005246
50 17 9 242.167514 1.544127 0.004540
50 17 10 256.921373 2.482463 0.013552
50 17 11 365.867064 5.865706 0.008278
50 17 12 406.262161 3.453790 0.009104
50 17 13 484.385532 5.232147 0.009275
50 17 14 527.888415 6.565273 0.009901
50 17 15 581.495009 4.187855 0.006067
50 17 16 626.653477 0.873681 0.004977
51 13 0 -20.624204 6.173081 0.118469
51 13 1 -9.392411 6.189326 47.870934
51 13 2 25.121467 5.707174 0.198302
51 13 3 87.398072 3.218148 0.296454
51 13 4 133.767818 4.136826 0.000582
51 13 5 144.738191 5.600281 0.353390
51 13 6 203.953394 5.212234 0.031848
51 13 7 253.184079 4.889394 0.001615
51 13 8 362.804768 5.917656 0.752051
51 13 9 405.021655 3.066297 0.002471
51 13 10 483.685667 5.007972 0.070418
51 13 11 527.942182 5.509941 0.021878
51 13 12 585.189355 4.251293 2.740755
52 13 0 -9.689801 5.755927 0.047273
52 13 1 0.402365 4.541496 0.013967
52 13 2 32.619165 4.142721 0.011113
52 13 3 80.333643 3.317665 0.016961
52 13 4 138.913835 3.426436 0.006806
52 13 5 148.903889 5.984566 0.008832
52 13 6 205.352869 3.836666 0.008239
52 13 7 255.796059 4.665125 0.009275
52 13 8 368.177315 4.900565 0.007169
52 13 9 407.301042 3.029813 0.004087
52 13 10 487.159897 4.787068 0.009422
52 13 11 523.072703 4.745950 0.006232
52 13 12 584.667509 5.613306 0.002360
53 13 0 -18.535591 5.966059 3.090102
53 13 1 -3.244261 5.074758 0.102629
53 13 2 38.496626 3.994554 0.135418
53 13 3 81.909997 3.356641 0.010032
53 13 4 135.136458 5.091797 3.099499
53 13 5 147.201313 5.997108 1.641893
53 13 6 204.356279 4.446931 0.255357
53 13 7 251.310477 4.881173 2.695711
53 13 8 365.051077 5.452754 0.702146
53 13 9 402.559112 3.583633 0.013117
53 13 10 485.260361 6.568019 0.077017
53 13 11 529.283942 4.864821 1.333148
53 13 12 584.161165 4.288548 0.357203
54 13 0 -3.588633 4.734375 0.005187
54 13 1 6.760637 5.134499 0.031798
54 13 2 36.602956 4.519343 0.011678
54 13 3 81.989068 3.990368 0.016981
54 13 4 133.697394 4.317513 0.038303
54 13 5 149.676439 5.144727 0.142779
54 13 6 208.988680 5.074734 0.064559
54 13 7 255.743170 4.309938 0.064656
54 13 8 367.472963 4.793190 0.014014
54 13 9 401.131002 3.347115 0.049810
54 13 10 485.025831 5.826957 0.034677
54 13 11 522.999264 5.436127 0.025132
54 13 12 584.028460 5.329935 0.041824
55 14 0 -12.770159 5.202632 0.044547
55 14 1 -3.203062 4.927613 0.000057
55 14 2 37.920441 3.452548 0.010192
55 14 3 71.796801 3.640614 0.017078
55 14 4 130.099317 4.562122 0.001001
55 14 5 148.785848 6.312013 0.000440
55 14 6 206.940152 4.029924 0.039740
55 14 7 255.812379 4.576159 0.052057
55 14 8 365.915816 4.632643 0.348785
55 14 9 403.491261 3.498382 0.026919
55 14 10 482.609051 5.544134 0.098995
55 14 11 527.613954 4.628089 0.080452
55 14 12 584.475978 3.843429 0.096082
55 14 13 727.288358 4.445675 0.028603
56 13 0 -13.213364 4.513760 0.047289
56 13 1 9.420166 6.676831 0.205343
56 13 2 36.625669 3.250245 1.987165
56 13 3 87.830709 4.373066 0.174865
56 13 4 132.346304 4.409160 0.193310
56 13 5 145.086413 6.775178 0.142034
56 13 6 200.963058 5.087494 0.976291
56 13 7 256.662475 5.104010 0.137882
56 13 8 369.527137 5.553183 0.026340
56 13 9 406.631911 2.777516 0.029104
56 13 10 486.908009 4.668431 0.202374
56 13 11 520.843071 6.912609 0.001514
56 13 12 588.796424 4.752513 0.393338
57 14 0 -18.912706 3.374232 0.062212
57 14 1 7.666359 8.169098 0.074222
57 14 2 38.255016 3.297500 0.082496
57 14 3 89.282163 2.949681 0.055616
57 14 4 135.984527 5.633860 0.096424
57 14 5 149.949867 5.640296 0.071693
57 14 6 200.213483 4.663762 0.050337
57 14 7 250.067785 5.800844 0.089719
57 14 8 366.817344 5.296220 0.071456
57 14 9 406.983641 3.694634 0.073292
57 14 10 484.820539 5.910674 0.085371
57 14 11 522.048181 5.362652 0.069639
57 14 12 581.951651 5.761141 0.061052
57 14 13 720.126460 5.547424 0.065577
58 13 0 -20.487472 6.454195 0.054370
58 13 1 -11.335759 5.382626 0.066478
58 13 2 21.728717 5.202574 0.059636
58 13 3 81.203051 4.200471 0.044333
58 13 4 134.523236 6.255397 0.048588
58 13 5 146.869043 4.447343 0.054357
58 13 6 200.860241 6.745522 0.071407
58 13 7 258.289382 4.369150 0.057945
58 13 8 365.261117 5.757346 0.053096
58 13 9 409.824129 3.568638 0.061400
58 13 10 480.973590 5.462955 0.049574
58 13 11 521.042289 7.433606 0.068350
58 13 12 585.386050 4.474757 0.070262
59 12 0 -8.262179 12.854797 0.074170
59 12 1 38.116348 3.808020 0.083039
59 12 2 80.260969 4.243361 0.043601
59 12 3 132.763289 5.673651 0.039759
59 12 4 141.327623 5.022381 0.065678
59 12 5 208.529441 4.901750 0.055458
59 12 6 257.778721 4.727801 0.043059
59 12 7 365.650410 6.539664 0.039934
59 12 8 400.668214 3.164835 0.060745
59 12 9 486.361745 5.571253 0.049102
59 12 10 523.746102 5.543158 0.062321
59 12 11 587.374292 5.511103 0.063819
60 16 0 -2.070854 11.641526 0.034367
60 16 1 37.766402 4.605809 0.076591
60 16 2 80.820617 2.495348 0.046703
60 16 3 131.358111 2.410950 0.103728
60 16 4 137.004478 2.102713 0.039465
60 16 5 147.622964 5.327827 0.103687
60 16 6 176.758912 2.464835 0.043026
60 16 7 200.974972 3.837194 0.065109
60 16 8 256.687064 5.579060 0.061395
60 16 9 363.179544 6.788146 0.053729
60 16 10 402.828242 2.577651 0.059981
60 16 11 485.971600 6.120901 0.049772
60 16 12 522.727515 4.785399 0.051689
60 16 13 584.658411 4.413667 0.060666
60 16 14 638.408051 1.250810 0.058060
60 16 15 712.471438 0.869174 0.055295
61 16 0 -4.939880 13.266347 0.071233
61 16 1 36.696719 4.575747 0.042780
61 16 2 88.968476 3.617114 0.068419
61 16 3 133.048036 5.066769 0.049861
61 16 4 148.169657 4.433530 0.041452
61 16 5 174.534376 2.251190 0.080241
61 16 6 208.315406 3.351836 0.054729
61 16 7 229.178289 2.103427 0.041179
61 16 8 251.494268 5.208902 0.042903
61 16 9 368.005557 6.236234 0.033347
61 16 10 407.718226 4.555261 0.068581
61 16 11 488.967452 5.836025 0.063323
61 16 12 521.043167 6.320446 0.058927
61 16 13 588.302729 4.740889 0.043251
61 16 14 631.045896 1.558414 0.061049
61 16 15 714.248818 1.327555 0.044914
62 14 0 -25.811102 15.411220 0.147213
62 14 1 37.319920 4.842556 0.024381
62 14 2 85.923873 2.975835 0.055274
62 14 3 138.260680 3.947014 0.476966
62 14 4 146.619539 7.433335 0.147044
62 14 5 206.473227 6.550693 0.632202
62 14 6 256.843324 4.530490 0.230299
62 14 7 369.630511 6.140698 0.152317
62 14 8 406.063113 3.508624 0.014079
62 14 9 482.722044 6.701196 1.732716
62 14 10 529.862135 6.469181 1.023281
62 14 11 583.388904 3.896565 0.621496
62 14 12 631.998886 1.600567 0.019644
62 14 13 712.207801 2.077738 0.090536
63 15 0 5.121828 10.250792 3.705766
63 15 1 30.860870 5.538737 21.864256
63 15 2 80.112209 3.563068 1.029037
63 15 3 132.306799 4.152712 0.069331
63 15 4 149.085416 8.053578 2.850623
63 15 5 200.611629 4.899743 0.211592
63 15 6 242.402457 2.081404 186.837509
63 15 7 253.732105 4.700966 0.315554
63 15 8 362.441260 7.383465 2.595099
63 15 9 404.297290 3.742165 0.324851
63 15 10 481.282860 7.969962 1.010674
63 15 11 523.550241 5.599652 0.138488
63 15 12 586.335646 4.026954 0.501123
63 15 13 638.471731 2.103323 2.005631
63 15 14 721.093039 9.175837 1.503879
64 17 0 6.404824 9.502321 0.072162
64 17 1 22.151081 1.160283 0.040894
64 17 2 29.927227 4.448299 0.884433
64 17 3 86.141668 2.850416 18.156485
64 17 4 138.001702 4.132524 0.263258
64 17 5 147.702208 5.653704 4.042488
64 17 6 174.404476 3.988994 1.176896
64 17 7 205.704175 3.139062 2.525271
64 17 8 243.511446 2.234125 0.346076
64 17 9 255.701473 4.348397 1.050857
64 17 10 361.470819 6.512032 0.335934
64 17 11 408.868108 4.002979 5.058243
64 17 12 486.410124 6.714713 2.083205
64 17 13 523.153841 5.385119 1.198504
64 17 14 554.612073 0.831687 2.874074
64 17 15 587.119577 5.075427 0.343397
64 17 16 633.256812 1.467639 0.482192
65 16 0 -26.120085 8.374037 0.463308
65 16 1 -6.990690 4.838434 0.631759
65 16 2 30.450153 6.995865 0.267586
65 16 3 86.220361 3.371476 0.334197
65 16 4 133.230587 6.021493 0.589581
65 16 5 144.409972 3.928337 0.398824
65 16 6 178.125231 3.095775 0.474658
65 16 7 204.627748 5.829943 0.355295
65 16 8 252.719605 5.916579 0.355398
65 16 9 361.855750 6.639560 0.526570
65 16 10 406.574210 4.113414 0.417809
65 16 11 482.800399 7.131051 0.430582
65 16 12 524.740427 6.378365 0.520397
65 16 13 582.158496 5.383114 0.316163
65 16 14 639.882861 1.873773 0.556644
65 16 15 720.442056 6.283106 0.746178
66 18 0 -29.466496 2.807838 0.189522
66 18 1 7.918629 7.377862 1.597252
66 18 2 24.165686 3.242071 2.508005
66 18 3 38.445883 3.220367 0.888202
66 18 4 81.236212 4.295969 0.536879
66 18 5 134.373197 4.939946 0.831120
66 18 6 149.158798 6.027423 0.318992
66 18 7 177.444603 2.827759 0.356057
66 18 8 208.484487 4.728280 0.540285
66 18 9 250.945154 7.326692 0.812313
66 18 10 362.106740 7.030009 0.651956
66 18 11 409.119346 4.284898 1.055256
66 18 12 485.023598 6.447053 0.424058
66 18 13 524.679924 6.078342 1.224424
66 18 14 563.541254 2.352251 0.969946
66 18 15 581.014340 4.217595 0.728433
66 18 16 635.691671 2.382359 0.964286
66 18 17 711.533766 1.540866 0.885954
67 17 0 5.093938 9.633593 0.976863
67 17 1 30.630890 5.194217 5.858043
67 17 2 53.304727 1.682016 1.351280
67 17 3 79.935265 4.565839 1.642048
67 17 4 131.566786 5.149766 0.825078
67 17 5 141.991408 6.086954 3.425445
67 17 6 177.903891 4.265459 15.497123
67 17 7 205.672484 2.565700 0.149076
67 17 8 227.204455 2.183559 0.191541
67 17 9 251.323909 7.779900 9.120425
67 17 10 364.793874 7.702648 0.321217
67 17 11 409.966532 3.735818 0.145042
67 17 12 486.039456 6.687539 0.356798
67 17 13 528.117466 7.007505 8.148719
67 17 14 587.188792 5.097188 0.178764
67 17 15 635.898838 2.546139 0.362539
67 17 16 721.712275 10.330410 2.308780
68 15 0 -10.616717 8.566302 1.619831
68 15 1 9.436790 3.229498 0.857135
68 15 2 31.350928 6.866089 2.265650
68 15 3 97.497073 2.034600 1.285683
68 15 4 133.760737 5.726821 2.221992
68 15 5 147.929173 7.277263 2.582690
68 15 6 203.825858 5.981293 0.706033
68 15 7 251.110694 6.350660 0.926000
68 15 8 361.141241 6.374510 0.720099
68 15 9 406.890591 3.912712 2.215899
68 15 10 487.474799 5.771643 1.056012
68 15 11 525.598838 4.247646 0.701820
68 15 12 532.580114 3.453411 1.232327
68 15 13 581.053868 5.583039 7.627115
68 15 14 715.923887 3.027728 1.672803
69 14 0 -10.197709 5.410524 0.094874
69 14 1 8.593441 6.765767 2.963124
69 14 2 37.465521 3.660251 1.304122
69 14 3 81.349895 2.419188 0.137241
69 14 4 131.157738 3.618805 0.324620
69 14 5 142.371244 7.925010 2.792581
69 14 6 206.347951 4.909633 0.075752
69 14 7 253.132098 5.334939 5.350549
69 14 8 362.025687 5.572380 0.090143
69 14 9 402.086839 4.041559 1.752154
69 14 10 488.874025 6.150121 0.104074
69 14 11 527.720443 5.248090 3.427453
69 14 12 589.297470 4.249144 0.242796
69 14 13 712.692232 2.158212 0.201695
70 14 0 -15.014919 7.383917 0.014470
70 14 1 -7.122054 4.473430 0.001737
70 14 2 31.193344 5.990986 0.001549
70 14 3 87.023454 2.489151 0.107537
70 14 4 135.201346 5.237933 0.044413
70 14 5 140.733161 6.935482 0.004580
70 14 6 206.471147 4.061697 0.008116
70 14 7 251.894601 5.435733 0.208113
70 14 8 364.193160 6.138109 0.206542
70 14 9 404.625374 3.807568 0.087838
70 14 10 489.622220 5.555389 0.001225
70 14 11 522.395340 4.368104 0.083186
70 14 12 585.392072 5.772499 0.040090
70 14 13 719.868361 4.007953 0.200435
71 14 0 -16.620525 6.386242 0.003247
71 14 1 3.686509 5.855620 0.001129
71 14 2 33.612205 5.794398 0.006886
71 14 3 83.927234 3.498654 0.003556
71 14 4 131.299708 4.719889 0.202286
71 14 5 149.859589 5.391455 0.035404
71 14 6 200.524129 5.716880 0.018937
71 14 7 252.965262 4.892165 0.113270
71 14 8 362.629005 5.909760 0.006477
71 14 9 403.994597 3.490522 0.050008
71 14 10 484.923007 6.667077 0.084981
71 14 11 524.065213 5.778060 0.025180
71 14 12 580.683440 5.068340 0.007291
71 14 13 720.087823 3.664544 0.043486
72 13 0 -32.576917 6.546158 0.044598
72 13 1 3.295118 7.271129 0.045337
72 13 2 29.355657 3.588886 0.116324
72 13 3 81.938485 3.575340 0.047514
72 13 4 131.909251 4.783347 0.090070
72 13 5 146.007549 6.587130 0.086920
72 13 6 205.266644 4.919830 0.157917
72 13 7 253.162600 4.170442 0.061844
72 13 8 361.604767 5.307644 0.062460
72 13 9 405.894610 4.168912 0.114692
72 13 10 482.268430 6.210115 0.071280
72 13 11 524.954724 4.887299 0.121155
72 13 12 582.630612 5.200242 0.065728
73 13 0 -9.824911 12.346985 0.051580
73 13 1 38.702114 4.800833 0.654615
73 13 2 84.921636 3.152529 0.111747
73 13 3 138.205271 5.146133 0.119996
73 13 4 150.234413 6.075440 0.080190
73 13 5 201.382664 3.919542 0.521563
73 13 6 250.964033 5.337486 0.771855
73 13 7 368.554961 5.629568 0.205052
73 13 8 407.331383 2.479311 0.919911
73 13 9 484.498976 6.331223 0.097877
73 13 10 526.098835 5.824357 0.091149
73 13 11 584.383355 4.176588 0.358546
73 13 12 724.135069 6.216803 0.312135
74 14 0 -9.553048 13.121160 0.000201
74 14 1 31.866352 5.155659 0.002205
74 14 2 83.291606 3.918527 0.016491
74 14 3 138.834795 4.003246 0.080525
74 14 4 141.763793 5.318884 0.098533
74 14 5 178.075260 2.388841 0.007822
74 14 6 207.181943 6.191867 0.000308
74 14 7 256.256061 4.616713 0.000050
74 14 8 364.916189 6.192090 0.000338
74 14 9 402.754093 3.717995 0.003974
74 14 10 488.145685 7.291878 0.003307
74 14 11 520.998034 5.218506 0.000058
74 14 12 580.269749 5.115464 0.000430
74 14 13 634.060518 1.790284 0.000692
75 16 0 -24.349802 13.527378 0.062705
75 16 1 -10.292761 3.815619 0.030148
75 16 2 31.044144 6.107729 1.168036
75 16 3 89.421328 3.058962 0.576388
75 16 4 132.252584 4.827312 0.006555
75 16 5 147.654080 4.704255 0.080614
75 16 6 176.778716 3.523225 0.038866
75 16 7 203.769942 5.439678 0.013139
75 16 8 254.463554 7.700699 0.630279
75 16 9 368.009992 6.670149 0.032027
75 16 10 405.487601 3.997294 0.544854
75 16 11 485.803841 7.043305 1.125390
75 16 12 526.634955 6.107174 4.416111
75 16 13 574.852621 1.899529 0.018532
75 16 14 585.620148 4.747601 0.109692
75 16 15 643.684995 1.868179 0.181617
76 15 0 -12.553667 12.895021 1.347215
76 15 1 30.384279 6.627260 3.175439
76 15 2 81.435954 2.615336 1.877977
76 15 3 133.205199 5.043671 1.306997
76 15 4 147.701884 5.408183 3.157418
76 15 5 178.573952 2.572388 1.846003
76 15 6 205.139736 4.950904 1.326295
76 15 7 255.150452 5.218200 2.483978
76 15 8 366.771640 6.664148 7.663858
76 15 9 406.290630 3.475753 2.122325
76 15 10 483.612750 6.779228 2.805272
76 15 11 528.484816 6.325711 2.901736
76 15 12 583.673218 4.019612 4.136601
76 15 13 640.133872 1.765386 1.614435
76 15 14 723.863442 8.801420 1.853079
77 15 0 -5.697395 5.412399 0.121585
77 15 1 7.741253 6.083492 0.446989
77 15 2 33.492915 6.541775 0.123772
77 15 3 80.354115 2.857451 0.173076
77 15 4 135.643070 5.856645 0.104587
77 15 5 144.676658 4.379720 0.549698
77 15 6 175.138903 4.145401 0.200609
77 15 7 205.681353 5.872665 0.147959
77 15 8 250.359883 7.243685 0.094366
77 15 9 365.203123 5.952726 0.213806
77 15 10 403.163757 4.755290 0.204088
77 15 11 480.506630 6.730466 0.116717
77 15 12 529.480451 6.653247 0.160853
77 15 13 582.790952 4.879198 0.080689
77 15 14 637.133326 2.559201 0.078751
78 17 0 -12.411619 5.842652 40.688395
78 17 1 0.293781 4.360958 0.007633
78 17 2 22.934753 2.868243 0.006234
78 17 3 37.987962 4.220986 1.356118
78 17 4 85.873273 3.158209 1.368862
78 17 5 134.457615 6.097214 0.268904
78 17 6 148.094398 4.152735 0.027687
78 17 7 177.808092 2.601800 0.712715
78 17 8 206.819975 6.173249 0.004713
78 17 9 251.102288 6.011722 0.227374
78 17 10 368.035855 5.180022 0.002557
78 17 11 401.741952 4.534540 0.878589
78 17 12 485.274353 5.936790 0.194526
78 17 13 522.050086 5.563520 0.288166
78 17 14 563.443043 2.160357 0.017140
78 17 15 587.298015 2.775845 0.023201
78 17 16 637.281655 2.563932 0.877569
79 15 0 -10.689203 5.891086 0.559297
79 15 1 -7.413161 5.873448 1.126831
79 15 2 31.407775 5.994843 1.003053
79 15 3 89.196931 3.028593 0.515840
79 15 4 131.591006 7.117443 0.266888
79 15 5 142.014401 3.989274 0.792878
79 15 6 175.947671 2.286293 1.138849
79 15 7 208.240207 4.348128 0.510272
79 15 8 250.497060 5.609061 0.337574
79 15 9 363.911408 6.806612 1.056509
79 15 10 406.584114 4.284537 0.602810
79 15 11 482.795796 6.261923 2.354993
79 15 12 524.853461 5.609263 0.618820
79 15 13 581.965176 5.109576 0.981413
79 15 14 631.644862 1.584339 0.753816
80 17 0 -5.051701 11.531534 0.203640
80 17 1 30.442071 5.332538 0.138742
80 17 2 87.452318 3.566846 0.231399
80 17 3 137.134259 3.781951 0.207940
80 17 4 145.989557 6.509133 0.506233
80 17 5 173.533466 2.192443 2.991125
80 17 6 204.579688 4.489741 0.678383
80 17 7 252.383942 5.465104 1.391662
80 17 8 327.816356 0.297333 0.361112
80 17 9 368.050860 5.356511 0.197161
80 17 10 402.424418 3.818349 0.491574
80 17 11 480.927850 6.828603 0.326065
80 17 12 524.593550 5.423853 0.492080
80 17 13 564.408517 2.350581 0.257721
80 17 14 588.195040 2.688498 2.124753
80 17 15 639.398319 1.198471 1.814044
80 17 16 718.570914 2.622632 0.743533
81 16 0 -8.335760 3.167847 0.430128
81 16 1 7.525302 6.617394 0.070473
81 16 2 38.856533 4.487234 0.627923
81 16 3 85.020561 3.488491 0.540715
81 16 4 133.807541 5.507110 0.377609
81 16 5 142.244592 1.964075 0.735344
81 16 6 151.499391 3.204256 0.791527
81 16 7 180.981463 1.844868 0.299348
81 16 8 208.020213 4.938354 1.418654
81 16 9 256.108207 5.862471 0.410436
81 16 10 365.652233 7.624824 0.397694
81 16 11 407.675782 3.030811 0.345643
81 16 12 485.543011 6.338659 0.132220
81 16 13 529.252702 5.942462 1.816782
81 16 14 588.744746 3.658267 0.194893
81 16 15 639.044408 2.324766 0.672921
82 18 0 -16.806209 6.757000 0.982383
82 18 1 8.308042 3.070083 0.614436
82 18 2 21.341059 4.165854 0.580041
82 18 3 40.045094 2.879776 0.487568
82 18 4 86.625789 2.569732 0.324917
82 18 5 140.076262 9.911363 1.253088
82 18 6 172.671672 3.456563 0.632588
82 18 7 205.598121 3.917398 0.458618
82 18 8 257.100594 6.199233 0.431220
82 18 9 361.251729 5.759158 0.754523
82 18 10 406.095549 3.432268 0.333177
82 18 11 441.140480 0.317507 1.330005
82 18 12 487.935761 7.010096 0.291640
82 18 13 524.437711 3.405329 0.393471
82 18 14 539.471138 1.688185 0.489362
82 18 15 585.809548 3.159192 0.715362
82 18 16 638.459236 1.448420 0.467507
82 18 17 715.317598 1.408519 0.534106
83 15 0 1.834974 10.543702 0.086272
83 15 1 35.301398 5.527036 0.405626
83 15 2 82.817251 4.557515 0.484383
83 15 3 135.838398 5.414922 0.038682
83 15 4 142.731898 5.862482 0.243672
83 15 5 172.295407 4.405997 0.575273
83 15 6 206.588262 5.579920 0.187209
83 15 7 251.466083 6.908990 0.668147
83 15 8 364.275009 6.459930 0.151612
83 15 9 409.539406 3.888044 0.089997
83 15 10 483.623638 6.325984 0.551164
83 15 11 521.143335 7.566549 0.227444
83 15 12 583.228726 5.439480 1.357326
83 15 13 631.741554 2.106766 1.119959
83 15 14 721.206751 5.995592 3.344399
84 15 0 -3.201644 6.039545 27.987284
84 15 1 6.665917 4.481878 0.104543
84 15 2 31.947812 5.830556 4.319485
84 15 3 83.683961 4.891229 3.022857
84 15 4 131.509301 6.426856 0.192487
84 15 5 153.008821 6.930269 42.317088
84 15 6 206.431798 6.374603 0.037027
84 15 7 257.426656 5.441829 1.319210
84 15 8 361.376039 7.699908 0.390800
84 15 9 403.258404 3.341169 0.652271
84 15 10 487.517643 6.487660 0.001979
84 15 11 528.714718 5.241592 1.873577
84 15 12 584.744240 4.649391 7.552965
84 15 13 624.499840 1.669926 224.867372
84 15 14 736.336794 3.540428 50.958685
85 13 0 -9.519840 5.801752 0.000441
85 13 1 8.207360 3.769742 0.000318
85 13 2 29.397697 4.443188 0.014288
85 13 3 72.671044 4.109619 0.003265
85 13 4 132.121297 6.360714 0.006666
85 13 5 158.723421 4.619009 0.002606
85 13 6 206.394928 4.701251 0.001245
85 13 7 254.408732 4.724907 0.000594
85 13 8 367.694400 5.699367 0.000537
85 13 9 400.214226 3.433618 0.010287
85 13 10 484.101991 5.635005 0.000336
85 13 11 528.046054 4.415023 0.000648
85 13 12 585.793670 4.727226 0.016282
86 13 0 -21.261894 5.184394 0.001368
86 13 1 -10.035323 5.720138 0.248734
86 13 2 31.036238 5.111864 0.520002
86 13 3 81.759576 3.885419 0.270260
86 13 4 131.685907 5.831998 0.095828
86 13 5 149.435306 6.593327 0.315161
86 13 6 202.015653 6.032311 0.015126
86 13 7 251.177822 5.340811 12.754009
86 13 8 367.758044 4.320981 0.000285
86 13 9 401.798549 4.560272 0.160519
86 13 10 480.659531 5.728867 0.004929
86 13 11 524.502327 5.956247 0.036928
86 13 12 580.374724 5.458215 0.128019
87 14 0 -25.086505 5.457985 0.023158
87 14 1 -9.478128 5.766747 0.002884
87 14 2 28.136967 4.964358 0.012367
87 14 3 83.468193 3.780368 0.000024
87 14 4 131.194078 4.957368 0.003387
87 14 5 144.612772 5.344908 0.000552
87 14 6 204.208898 4.831254 0.019252
87 14 7 254.986171 4.776142 0.020699
87 14 8 363.684746 5.490692 0.001699
87 14 9 402.708578 3.922017 0.000545
87 14 10 482.374971 5.377058 0.000069
87 14 11 522.345440 5.474512 0.017030
87 14 12 588.588563 4.208612 0.039992
87 14 13 728.162713 4.481009 0.005830
88 14 0 -9.821439 4.991444 0.420238
88 14 1 9.119066 5.054230 4.299044
88 14 2 31.988910 4.810755 3.467614
88 14 3 85.333602 3.476828 0.251558
88 14 4 135.735082 4.803343 38.361295
88 14 5 146.655391 4.399203 2.967562
88 14 6 173.195149 3.658473 5.668160
88 14 7 201.516262 4.906930 0.312125
88 14 8 251.740393 4.960739 3.048434
88 14 9 365.755202 5.667766 0.267027
88 14 10 409.449424 3.543709 1.947214
88 14 11 486.903511 5.576506 0.284495
88 14 12 523.791879 5.278875 0.681267
88 14 13 582.941511 5.593062 4.309025
89 14 0 1.114686 9.767358 0.038261
89 14 1 34.105470 4.772217 0.054382
89 14 2 83.209828 4.815466 0.094046
89 14 3 130.366080 4.751550 0.048010
89 14 4 144.107300 7.453638 0.094895
89 14 5 175.601253 4.534149 0.073798
89 14 6 204.415242 6.217914 0.081821
89 14 7 251.224403 6.413734 0.031072
89 14 8 363.533987 7.881586 0.036302
89 14 9 407.291214 2.834452 0.071786
89 14 10 481.919546 7.626806 0.132907
89 14 11 521.376665 7.160018 0.057984
89 14 12 583.924823 6.208666 0.043090
89 14 13 637.564318 1.819963 0.037387
90 15 0 -2.293871 10.552383 0.053335
90 15 1 30.092872 6.009166 0.043891
90 15 2 82.844037 4.855270 0.044889
90 15 3 132.745694 4.658345 0.044558
90 15 4 149.524447 6.695248 0.023930
90 15 5 177.837107 2.185487 0.026757
90 15 6 207.506716 5.741832 0.055317
90 15 7 242.150391 1.799423 0.027602
90 15 8 258.642828 4.636527 0.043939
90 15 9 364.067873 7.320954 0.056297
90 15 10 409.149345 3.713292 0.033490
90 15 11 488.170804 5.873848 0.032310
90 15 12 525.529640 7.991912 0.033784
90 15 13 588.285347 4.488627 0.036317
90 15 14 635.237360 1.790350 0.052119
91 14 0 -16.639261 3.300562 0.057379
91 14 1 4.398292 5.341758 0.347669
91 14 2 29.970271 6.378196 0.037088
91 14 3 86.175647 4.333437 0.053289
91 14 4 136.844289 5.095379 0.353399
91 14 5 147.397051 6.732405 0.072049
91 14 6 209.517874 6.774500 0.047992
91 14 7 258.195983 5.853905 0.048282
91 14 8 361.478467 7.283111 0.210802
91 14 9 402.355629 3.204793 0.039384
91 14 10 484.681889 6.905739 0.233093
91 14 11 526.776822 8.044373 0.129027
91 14 12 588.254600 4.101169 0.058004
91 14 13 733.919593 4.827631 0.127412
92 14 0 -11.827487 4.505441 0.089551
92 14 1 9.379558 4.498051 0.154350
92 14 2 33.420283 4.417062 0.056320
92 14 3 88.590874 3.528718 0.124559
92 14 4 132.422364 4.638578 0.070773
92 14 5 144.862587 4.213250 0.261590
92 14 6 172.531215 4.088012 0.070708
92 14 7 202.453107 3.973934 0.125647
92 14 8 253.670206 4.692000 0.091334
92 14 9 369.181398 4.676089 0.095790
92 14 10 403.041886 3.866097 0.097985
92 14 11 487.321167 4.940606 0.114753
92 14 12 523.215730 5.180101 0.103926
92 14 13 588.023661 3.583092 0.073270
93 12 0 9.278037 7.120966 0.004301
93 12 1 36.043083 5.192339 0.018660
93 12 2 80.091618 4.003351 0.010804
93 12 3 138.043953 4.716701 0.018557
93 12 4 149.975619 7.527066 1.196099
93 12 5 204.662012 4.024153 0.009978
93 12 6 257.993509 3.421206 0.002535
93 12 7 368.691846 4.972335 0.035867
93 12 8 408.517705 3.266035 0.014756
93 12 9 488.066804 5.813090 0.297408
93 12 10 529.416144 4.779387 0.007370
93 12 11 586.419708 4.384130 0.024907
94 12 0 5.072575 8.591772 0.267642
94 12 1 39.254490 6.265768 0.220824
94 12 2 83.872838 5.264645 0.241384
94 12 3 140.158913 8.209613 0.221363
94 12 4 155.078306 5.706203 0.218526
94 12 5 207.828715 5.209664 0.226921
94 12 6 255.405721 5.670130 0.193890
94 12 7 364.908600 5.746797 0.142656
94 12 8 406.224420 4.950590 0.235781
94 12 9 485.475712 6.028845 0.256922
94 12 10 529.902384 6.929857 0.147508
94 12 11 589.938801 5.870396 0.165933
95 13 0 -25.745413 5.470914 0.228836
95 13 1 4.474341 6.206613 0.170195
95 13 2 38.249887 5.054696 0.255361
95 13 3 85.452959 4.611324 0.225478
95 13 4 134.629785 5.899970 0.268167
95 13 5 149.841800 5.856863 0.280628
95 13 6 207.454892 5.858848 0.209082
95 13 7 256.090713 5.784743 0.166797
95 13 8 369.916004 5.146033 0.218192
95 13 9 407.479263 3.742492 0.283754
95 13 10 488.485981 6.200009 0.318212
95 13 11 529.993196 5.587096 0.231476
95 13 12 585.969237 5.408210 0.239875
96 13 0 2.913856 5.294736 0.142156
96 13 1 9.199352 2.995896 0.022994
96 13 2 34.113788 4.539748 0.074690
96 13 3 71.385585 3.675300 0.004777
96 13 4 132.205366 4.892680 0.757989
96 13 5 143.941908 6.555487 0.008888
96 13 6 204.602732 6.751487 0.001559
96 13 7 259.535731 4.825285 0.000325
96 13 8 362.921788 5.551014 0.000871
96 13 9 408.110977 3.640834 0.011578
96 13 10 489.762372 6.389125 0.042476
96 13 11 528.692344 5.398421 0.017490
96 13 12 587.743212 4.201107 0.645109
97 15 0 -27.968985 6.976585 1.850393
97 15 1 -5.062854 6.137571 7.255704
97 15 2 34.951089 5.211032 0.284634
97 15 3 87.858351 2.794634 1.177625
97 15 4 139.780100 6.579280 0.525007
97 15 5 156.569448 5.066315 76.439300
97 15 6 202.705583 5.721608 2.934626
97 15 7 254.042995 5.377746 18.152727
97 15 8 361.673751 4.722382 1.289045
97 15 9 370.143517 2.378322 1.031434
97 15 10 401.479559 3.011645 0.774626
97 15 11 484.402343 6.003749 0.937326
97 15 12 525.053481 5.896457 2.454547
97 15 13 581.792711 5.369092 12.986325
97 15 14 724.309255 3.365966 2.869130
98 13 0 -16.485702 5.215937 0.075922
98 13 1 3.439315 5.697225 1.257666
98 13 2 30.647599 4.066451 0.439698
98 13 3 86.842260 4.047260 17.050573
98 13 4 137.762357 4.766978 5.154555
98 13 5 143.800005 6.068173 0.407182
98 13 6 202.307365 6.715162 0.395660
98 13 7 252.167603 4.423755 1.505865
98 13 8 367.313032 6.101648 1.107316
98 13 9 407.982964 3.026534 7.077473
98 13 10 484.700354 6.808238 1.891551
98 13 11 527.305128 4.905133 0.017733
98 13 12 588.434529 4.929181 0.192174
99 13 0 -17.726101 3.758774 0.277961
99 13 1 3.869956 5.978326 0.270501
99 13 2 22.307408 5.821068 0.249556
99 13 3 84.123258 3.534586 0.109555
99 13 4 136.398264 5.151257 0.160598
99 13 5 149.510161 6.763171 0.348986
99 13 6 207.005529 5.117840 1.894867
99 13 7 259.771074 5.368254 0.017408
99 13 8 361.701818 5.974187 0.203007
99 13 9 403.407834 3.007507 0.316327
99 13 10 487.147634 5.638060 1.418144
99 13 11 521.142159 6.637895 0.126029
99 13 12 588.622512 4.342176 1.239847
